2026-06-17T01:54:32.9520168Z [INFO] Bootstrap complete
2026-06-17T01:54:59.8284186Z [INFO] Initializing MainForm
2026-06-17T01:55:00.2185360Z [INFO] Initializing tool buttons
2026-06-17T01:55:00.2242915Z [INFO] Tool buttons created and added to panel
2026-06-17T01:55:00.4261031Z [INFO] MainForm initialization complete
2026-06-17T02:46:05.7815020Z [INFO] Bootstrap complete
2026-06-17T02:46:35.0961915Z [INFO] Initializing MainForm
2026-06-17T02:46:35.1034111Z [INFO] Initializing tool buttons
2026-06-17T02:46:35.1125772Z [INFO] Tool buttons created and added to panel
2026-06-17T02:46:35.1381283Z [INFO] MainForm initialization complete
2026-06-17T22:58:01.9551075Z [INFO] Bootstrap complete
2026-06-17T22:58:06.5681857Z [ERROR] Unhandled exception | SplitterDistance must be between Panel1MinSize and Width - Panel2MinSize.
2026-06-17T23:04:37.7232661Z [INFO] Bootstrap complete
2026-06-17T23:04:38.0160224Z [ERROR] Unhandled exception | SplitterDistance must be between Panel1MinSize and Width - Panel2MinSize.
2026-06-17T23:09:40.9050717Z [INFO] Bootstrap complete
2026-06-17T23:09:41.8289162Z [ERROR] Unhandled exception | SplitterDistance must be between Panel1MinSize and Width - Panel2MinSize.
2026-06-17T23:10:10.5786590Z [ERROR] Unhandled exception | SplitterDistance must be between Panel1MinSize and Width - Panel2MinSize.
2026-06-17T23:12:11.1481022Z [INFO] Bootstrap complete
2026-06-17T23:12:11.5060187Z [ERROR] Unhandled exception | SplitterDistance must be between Panel1MinSize and Width - Panel2MinSize.
2026-06-17T23:12:50.4957800Z [ERROR] Unhandled exception | SplitterDistance must be between Panel1MinSize and Width - Panel2MinSize.
2026-06-17T23:13:10.9987493Z [ERROR] Unhandled exception | SplitterDistance must be between Panel1MinSize and Width - Panel2MinSize.
2026-06-17T23:13:34.5052473Z [ERROR] Unhandled exception | SplitterDistance must be between Panel1MinSize and Width - Panel2MinSize.
2026-06-17T23:13:49.1736946Z [ERROR] Unhandled exception | SplitterDistance must be between Panel1MinSize and Width - Panel2MinSize.
2026-06-17T23:13:58.6982736Z [ERROR] Unhandled exception | SplitterDistance must be between Panel1MinSize and Width - Panel2MinSize.
2026-06-17T23:14:06.8699049Z [ERROR] Unhandled exception | SplitterDistance must be between Panel1MinSize and Width - Panel2MinSize.
2026-06-17T23:14:55.2929277Z [ERROR] Unhandled exception | SplitterDistance must be between Panel1MinSize and Width - Panel2MinSize.
2026-06-17T23:16:43.2200599Z [ERROR] Unhandled exception | SplitterDistance must be between Panel1MinSize and Width - Panel2MinSize.
2026-06-17T23:16:59.8324510Z [INFO] Bootstrap complete
2026-06-17T23:16:59.9580426Z [ERROR] Unhandled exception | SplitterDistance must be between Panel1MinSize and Width - Panel2MinSize.
2026-06-17T23:17:50.4138670Z [INFO] Bootstrap complete
2026-06-17T23:17:50.6985887Z [ERROR] Unhandled exception | SplitterDistance must be between Panel1MinSize and Width - Panel2MinSize.
2026-06-17T23:18:06.4598651Z [ERROR] Unhandled exception | SplitterDistance must be between Panel1MinSize and Width - Panel2MinSize.
2026-06-17T23:18:47.0070179Z [ERROR] Unhandled exception | SplitterDistance must be between Panel1MinSize and Width - Panel2MinSize.
2026-06-17T23:19:53.9292517Z [ERROR] Unhandled exception | SplitterDistance must be between Panel1MinSize and Width - Panel2MinSize.
2026-06-17T23:21:05.2089565Z [ERROR] UI exception | SplitterDistance must be between Panel1MinSize and Width - Panel2MinSize.
2026-06-17T23:22:30.7555170Z [INFO] Bootstrap complete
2026-06-17T23:22:31.8079090Z [INFO] Building production shell
2026-06-17T23:24:28.3286853Z [ERROR] UI exception | Extension 'csv' is not supported. Supported extensions are '.xlsx', '.xlsm', '.xltx' and '.xltm'.
2026-06-17T23:25:17.8574680Z [ERROR] UI exception | Extension 'xls' is not supported. Supported extensions are '.xlsx', '.xlsm', '.xltx' and '.xltm'.
2026-06-17T23:29:07.0999390Z [ERROR] UI exception | Out of memory.
